<?xml version="1.0" encoding="UTF-8"?>
<testsuite name="com.phonebook.tests.RemoveContactTests" tests="1" skipped="0" failures="0" errors="0" timestamp="2023-11-28T11:52:43" hostname="DESKTOP-Q3DOM7V" time="1.675">
  <properties/>
  <testcase name="removeContactPositiveText" classname="com.phonebook.tests.RemoveContactTests" time="1.675"/>
  <system-out><![CDATA[]]></system-out>
  <system-err><![CDATA[]]></system-err>
</testsuite>
