<?xml version="1.0" encoding="UTF-8"?>
<testsuite name="com.phonebook.tests.LoginTests" tests="1" skipped="0" failures="0" errors="0" timestamp="2023-11-28T11:52:11" hostname="DESKTOP-Q3DOM7V" time="3.049">
  <properties/>
  <testcase name="loginRegisteredUserPositiveTest" classname="com.phonebook.tests.LoginTests" time="3.049"/>
  <system-out><![CDATA[]]></system-out>
  <system-err><![CDATA[]]></system-err>
</testsuite>
